python -m handofcats 02multi.py hello
hello world
python -m handofcats 02multi.py byebye foo
byebye foo
python -m handofcats 02multi.py -h
usage: __main__.py [-h] [--expose] [--inplace] [--simple]
                   [--logging {CRITICAL,FATAL,ERROR,WARN,WARNING,INFO,DEBUG,NOTSET}]
                   {hello,byebye} ...

optional arguments:
  -h, --help            show this help message and exit
  --expose              dump generated code. with --inplace, eject from handofcats dependency (default: False)
  --inplace             overwrite file (default: False)
  --simple              use minimum expression (default: False)
  --logging {CRITICAL,FATAL,ERROR,WARN,WARNING,INFO,DEBUG,NOTSET}

subcommands:
  {hello,byebye}
    hello
    byebye
python -m handofcats 02multi.py hello -h
usage: __main__.py hello [-h] [--name NAME]

optional arguments:
  -h, --help   show this help message and exit
  --name NAME  - (default: world)
python -m handofcats 02multi.py --expose
import typing as t
def hello(*, name: str = "world"):
    print(f"hello {name}")


# FIXME: default arguments (positional arguments)
def byebye(name: str):
    print(f"byebye {name}")


# ignored
def _ignore(name: str):
    print("ignored")


def main(argv: t.Optional[t.List[str]] = None) -> t.Any:
    import argparse

    parser = argparse.ArgumentParser(formatter_class=type('_HelpFormatter', (argparse.ArgumentDefaultsHelpFormatter, argparse.RawTextHelpFormatter), {}))
    parser.print_usage = parser.print_help  # type: ignore
    subparsers = parser.add_subparsers(title='subcommands', dest='subcommand')
    subparsers.required = True

    fn = hello
    sub_parser = subparsers.add_parser(fn.__name__, help=fn.__doc__, formatter_class=parser.formatter_class)
    sub_parser.add_argument('--name', required=False, default='world', help='-')
    sub_parser.set_defaults(subcommand=fn)

    fn = byebye  # type: ignore
    sub_parser = subparsers.add_parser(fn.__name__, help=fn.__doc__, formatter_class=parser.formatter_class)
    sub_parser.add_argument('name', help='-')
    sub_parser.set_defaults(subcommand=fn)

    args = parser.parse_args(argv)
    params = vars(args).copy()
    subcommand = params.pop('subcommand')
    return subcommand(**params)


if __name__ == '__main__':
    main()
